RealTimeSTT: root - ERROR - Error initializing Silero VAD voice activity detection engine: dlopen(/Users/krishsarin/Downloads/edith-util/venv/lib/python3.11/site-packages/torchaudio/lib/libtorchaudio.so, 0x0006): Symbol not found: __ZN3c1013ParallelGuardC1Eb
  Referenced from: <08897309-117C-392D-8EE2-2FE23512C4BF> /Users/krishsarin/Downloads/edith-util/venv/lib/python3.11/site-packages/torchaudio/lib/libtorchaudio.so
  Expected in:     <E4A087BF-2A73-36B5-9B71-18B1A776D3D4> /Users/krishsarin/Downloads/edith-util/venv/lib/python3.11/site-packages/torch/lib/libc10.dylib
Traceback (most recent call last):
  File "/Users/krishsarin/Downloads/edith-util/venv/lib/python3.11/site-packages/RealtimeSTT/audio_recorder.py", line 605, in __init__
    self.silero_vad_model, _ = torch.hub.load(
                               ^^^^^^^^^^^^^^^
  File "/Users/krishsarin/Downloads/edith-util/venv/lib/python3.11/site-packages/torch/hub.py", line 566, in load
    model = _load_local(repo_or_dir, model, *args, **kwargs)
            ^^^^^^^^^^^^^^^^^^^^^^^^^^^^^^^^^^^^^^^^^^^^^^^^
  File "/Users/krishsarin/Downloads/edith-util/venv/lib/python3.11/site-packages/torch/hub.py", line 592, in _load_local
    hub_module = _import_module(MODULE_HUBCONF, hubconf_path)
                 ^^^^^^^^^^^^^^^^^^^^^^^^^^^^^^^^^^^^^^^^^^^^
  File "/Users/krishsarin/Downloads/edith-util/venv/lib/python3.11/site-packages/torch/hub.py", line 106, in _import_module
    spec.loader.exec_module(module)
  File "<frozen importlib._bootstrap_external>", line 940, in exec_module
  File "<frozen importlib._bootstrap>", line 241, in _call_with_frames_removed
  File "/Users/krishsarin/.cache/torch/hub/snakers4_silero-vad_master/hubconf.py", line 5, in <module>
    from utils_vad import (init_jit_model,
  File "/Users/krishsarin/.cache/torch/hub/snakers4_silero-vad_master/utils_vad.py", line 2, in <module>
    import torchaudio
  File "/Users/krishsarin/Downloads/edith-util/venv/lib/python3.11/site-packages/torchaudio/__init__.py", line 2, in <module>
    from . import _extension  # noqa  # usort: skip
    ^^^^^^^^^^^^^^^^^^^^^^^^
  File "/Users/krishsarin/Downloads/edith-util/venv/lib/python3.11/site-packages/torchaudio/_extension/__init__.py", line 38, in <module>
    _load_lib("libtorchaudio")
  File "/Users/krishsarin/Downloads/edith-util/venv/lib/python3.11/site-packages/torchaudio/_extension/utils.py", line 60, in _load_lib
    torch.ops.load_library(path)
  File "/Users/krishsarin/Downloads/edith-util/venv/lib/python3.11/site-packages/torch/_ops.py", line 933, in load_library
    ctypes.CDLL(path)
  File "/Library/Frameworks/Python.framework/Versions/3.11/lib/python3.11/ctypes/__init__.py", line 376, in __init__
    self._handle = _dlopen(self._name, mode)
                   ^^^^^^^^^^^^^^^^^^^^^^^^^
OSError: dlopen(/Users/krishsarin/Downloads/edith-util/venv/lib/python3.11/site-packages/torchaudio/lib/libtorchaudio.so, 0x0006): Symbol not found: __ZN3c1013ParallelGuardC1Eb
  Referenced from: <08897309-117C-392D-8EE2-2FE23512C4BF> /Users/krishsarin/Downloads/edith-util/venv/lib/python3.11/site-packages/torchaudio/lib/libtorchaudio.so
  Expected in:     <E4A087BF-2A73-36B5-9B71-18B1A776D3D4> /Users/krishsarin/Downloads/edith-util/venv/lib/python3.11/site-packages/torch/lib/libc10.dylib
